<?xml version="1.0" encoding="UTF-8"?>
<!-- Generated by org.testng.reporters.JUnitReportReporter -->
<testsuite hostname="DESKTOP-AUNOB26" failures="0" tests="2" name="TestCases.Prog1" time="0.008" errors="0" timestamp="2022-08-19T09:46:19 IST" skipped="0">
  <testcase classname="TestCases.Prog1" name="logindata" time="0.001"/>
  <system-out/>
  <testcase classname="TestCases.Prog1" name="logindata" time="0.007"/>
  <system-out/>
</testsuite> <!-- TestCases.Prog1 -->
